TN:
SF:src\controllers\accounts.controller.js
FN:5,(anonymous_0)
FN:20,(anonymous_1)
FN:41,(anonymous_2)
FN:47,(anonymous_3)
FN:63,(anonymous_4)
FN:77,(anonymous_5)
FN:90,(anonymous_6)
FN:110,(anonymous_7)
FN:120,(anonymous_8)
FN:136,(anonymous_9)
FN:146,(anonymous_10)
FN:157,(anonymous_11)
FN:168,(anonymous_12)
FN:171,(anonymous_13)
FN:174,(anonymous_14)
FNF:15
FNH:12
FNDA:4,(anonymous_0)
FNDA:5,(anonymous_1)
FNDA:4,(anonymous_2)
FNDA:1,(anonymous_3)
FNDA:6,(anonymous_4)
FNDA:1,(anonymous_5)
FNDA:8,(anonymous_6)
FNDA:1,(anonymous_7)
FNDA:6,(anonymous_8)
FNDA:1,(anonymous_9)
FNDA:4,(anonymous_10)
FNDA:1,(anonymous_11)
FNDA:0,(anonymous_12)
FNDA:0,(anonymous_13)
FNDA:0,(anonymous_14)
DA:1,4
DA:2,4
DA:4,4
DA:6,4
DA:7,4
DA:8,4
DA:9,4
DA:10,2
DA:11,0
DA:13,2
DA:15,2
DA:16,2
DA:21,5
DA:22,5
DA:23,5
DA:24,5
DA:25,5
DA:26,5
DA:27,2
DA:29,3
DA:30,2
DA:31,0
DA:33,2
DA:35,1
DA:36,1
DA:42,4
DA:43,4
DA:44,4
DA:45,4
DA:46,4
DA:47,4
DA:48,1
DA:49,1
DA:50,0
DA:52,1
DA:53,1
DA:54,1
DA:56,2
DA:58,2
DA:59,2
DA:64,6
DA:65,6
DA:66,6
DA:67,6
DA:68,6
DA:69,6
DA:70,6
DA:71,2
DA:73,4
DA:74,4
DA:75,2
DA:77,2
DA:78,1
DA:79,1
DA:80,1
DA:82,2
DA:84,0
DA:85,0
DA:91,8
DA:92,8
DA:93,8
DA:94,8
DA:95,8
DA:96,8
DA:97,8
DA:98,8
DA:99,2
DA:101,6
DA:102,6
DA:103,2
DA:105,4
DA:106,4
DA:107,4
DA:108,2
DA:110,2
DA:111,1
DA:113,2
DA:115,0
DA:116,0
DA:121,6
DA:122,6
DA:123,6
DA:124,6
DA:125,6
DA:126,6
DA:127,6
DA:128,6
DA:129,2
DA:131,4
DA:132,4
DA:133,2
DA:135,2
DA:136,2
DA:137,1
DA:139,2
DA:141,0
DA:142,0
DA:147,4
DA:148,4
DA:149,4
DA:150,4
DA:151,4
DA:152,4
DA:153,4
DA:154,4
DA:155,2
DA:157,2
DA:158,1
DA:160,2
DA:162,0
DA:163,0
DA:169,0
DA:172,0
DA:175,0
LF:114
LH:100
BRDA:10,0,0,0
BRDA:10,0,1,2
BRDA:26,1,0,2
BRDA:26,1,1,3
BRDA:30,2,0,0
BRDA:30,2,1,2
BRDA:49,3,0,0
BRDA:49,3,1,1
BRDA:70,4,0,2
BRDA:70,4,1,4
BRDA:74,5,0,2
BRDA:74,5,1,2
BRDA:98,6,0,2
BRDA:98,6,1,6
BRDA:102,7,0,2
BRDA:102,7,1,4
BRDA:107,8,0,2
BRDA:107,8,1,2
BRDA:128,9,0,2
BRDA:128,9,1,4
BRDA:132,10,0,2
BRDA:132,10,1,2
BRDA:154,11,0,2
BRDA:154,11,1,2
BRF:24
BRH:21
end_of_record
TN:
SF:src\controllers\auth.controller.js
FN:11,(anonymous_0)
FN:22,(anonymous_1)
FN:35,(anonymous_2)
FN:52,(anonymous_3)
FNF:4
FNH:4
FNDA:4,(anonymous_0)
FNDA:2,(anonymous_1)
FNDA:2,(anonymous_2)
FNDA:2,(anonymous_3)
DA:1,3
DA:2,3
DA:3,3
DA:4,3
DA:5,3
DA:6,3
DA:7,3
DA:8,3
DA:10,3
DA:12,4
DA:13,4
DA:14,4
DA:15,4
DA:16,2
DA:18,2
DA:19,2
DA:20,0
DA:22,2
DA:23,2
DA:24,1
DA:26,1
DA:27,1
DA:30,0
DA:31,0
DA:36,2
DA:37,2
DA:38,2
DA:39,2
DA:40,2
DA:41,1
DA:43,1
DA:44,1
DA:45,1
DA:47,0
DA:48,0
DA:53,2
DA:54,2
DA:55,2
DA:56,2
DA:57,0
DA:59,2
DA:60,1
DA:61,0
DA:63,1
DA:64,1
DA:65,0
DA:67,1
DA:68,1
DA:69,1
DA:71,1
DA:72,1
LF:51
LH:43
BRDA:15,0,0,2
BRDA:15,0,1,2
BRDA:19,1,0,0
BRDA:19,1,1,2
BRDA:19,2,0,2
BRDA:19,2,1,2
BRDA:23,3,0,1
BRDA:23,3,1,1
BRDA:40,4,0,1
BRDA:40,4,1,1
BRDA:56,5,0,0
BRDA:56,5,1,2
BRDA:60,6,0,0
BRDA:60,6,1,1
BRDA:60,7,0,1
BRDA:60,7,1,1
BRDA:64,8,0,0
BRDA:64,8,1,1
BRF:18
BRH:14
end_of_record
TN:
SF:src\controllers\dashboard.controller.js
FN:2,(anonymous_0)
FNF:1
FNH:1
FNDA:2,(anonymous_0)
DA:1,2
DA:3,2
DA:16,2
LF:3
LH:3
BRF:0
BRH:0
end_of_record
TN:
SF:src\controllers\notifications.controller.js
FN:6,(anonymous_0)
FN:21,(anonymous_1)
FN:37,(anonymous_2)
FN:53,(anonymous_3)
FN:69,(anonymous_4)
FN:81,(anonymous_5)
FN:94,(anonymous_6)
FN:106,(anonymous_7)
FNF:8
FNH:4
FNDA:4,(anonymous_0)
FNDA:4,(anonymous_1)
FNDA:3,(anonymous_2)
FNDA:3,(anonymous_3)
FNDA:0,(anonymous_4)
FNDA:0,(anonymous_5)
FNDA:0,(anonymous_6)
FNDA:0,(anonymous_7)
DA:1,4
DA:2,4
DA:3,4
DA:5,4
DA:7,4
DA:8,4
DA:9,4
DA:10,4
DA:11,4
DA:12,2
DA:14,2
DA:16,0
DA:17,0
DA:22,4
DA:23,4
DA:24,4
DA:25,4
DA:26,4
DA:27,4
DA:28,3
DA:30,1
DA:32,0
DA:33,0
DA:38,3
DA:39,3
DA:40,3
DA:41,3
DA:42,3
DA:43,3
DA:44,2
DA:46,1
DA:48,0
DA:49,0
DA:54,3
DA:55,3
DA:56,3
DA:57,3
DA:58,3
DA:59,0
DA:61,3
DA:62,2
DA:64,1
DA:65,1
DA:70,0
DA:71,0
DA:72,0
DA:73,0
DA:74,0
DA:77,0
DA:78,0
DA:82,0
DA:83,0
DA:84,0
DA:85,0
DA:86,0
DA:87,0
DA:90,0
DA:91,0
DA:95,0
DA:96,0
DA:97,0
DA:98,0
DA:99,0
DA:102,0
DA:103,0
DA:107,0
DA:108,0
DA:109,0
DA:110,0
DA:111,0
DA:112,0
DA:115,0
DA:116,0
LF:73
LH:36
BRDA:11,0,0,2
BRDA:11,0,1,2
BRDA:11,1,0,4
BRDA:11,1,1,4
BRDA:11,1,2,4
BRDA:27,2,0,3
BRDA:27,2,1,1
BRDA:43,3,0,2
BRDA:43,3,1,1
BRDA:58,4,0,0
BRDA:58,4,1,3
BRF:11
BRH:10
end_of_record
TN:
SF:src\controllers\transactions.controller.js
FN:7,(anonymous_0)
FN:28,(anonymous_1)
FN:53,(anonymous_2)
FNF:3
FNH:3
FNDA:5,(anonymous_0)
FNDA:6,(anonymous_1)
FNDA:1,(anonymous_2)
DA:1,3
DA:2,3
DA:3,3
DA:4,3
DA:6,3
DA:8,5
DA:9,5
DA:10,5
DA:11,5
DA:12,5
DA:13,4
DA:15,1
DA:16,1
DA:17,1
DA:18,0
DA:20,1
DA:21,1
DA:23,0
DA:24,0
DA:29,6
DA:30,6
DA:31,6
DA:32,6
DA:33,0
DA:35,6
DA:36,6
DA:37,6
DA:38,2
DA:39,2
DA:41,4
DA:42,4
DA:43,0
DA:44,0
DA:46,4
DA:47,4
DA:48,4
DA:49,4
DA:50,2
DA:53,2
DA:54,1
DA:55,1
DA:56,1
DA:57,1
DA:59,2
DA:61,0
DA:62,0
LF:46
LH:38
BRDA:12,0,0,4
BRDA:12,0,1,1
BRDA:17,1,0,0
BRDA:17,1,1,1
BRDA:32,2,0,0
BRDA:32,2,1,6
BRDA:32,3,0,6
BRDA:32,3,1,6
BRDA:32,3,2,6
BRDA:32,3,3,6
BRDA:37,4,0,2
BRDA:37,4,1,4
BRDA:42,5,0,0
BRDA:42,5,1,4
BRDA:49,6,0,2
BRDA:49,6,1,2
BRDA:49,7,0,4
BRDA:49,7,1,2
BRF:18
BRH:15
end_of_record
TN:
SF:src\controllers\users.controller.js
FN:13,(anonymous_0)
FN:17,(anonymous_1)
FN:27,(anonymous_2)
FN:41,(anonymous_3)
FN:64,(anonymous_4)
FN:77,(anonymous_5)
FN:89,(anonymous_6)
FN:113,(anonymous_7)
FN:123,(anonymous_8)
FN:127,(anonymous_9)
FNF:10
FNH:8
FNDA:4,(anonymous_0)
FNDA:2,(anonymous_1)
FNDA:5,(anonymous_2)
FNDA:7,(anonymous_3)
FNDA:5,(anonymous_4)
FNDA:2,(anonymous_5)
FNDA:4,(anonymous_6)
FNDA:1,(anonymous_7)
FNDA:0,(anonymous_8)
FNDA:0,(anonymous_9)
DA:1,2
DA:2,2
DA:3,2
DA:7,2
DA:8,2
DA:9,2
DA:10,2
DA:12,2
DA:14,4
DA:15,4
DA:16,4
DA:17,4
DA:18,2
DA:20,2
DA:22,2
DA:23,2
DA:28,5
DA:29,5
DA:30,5
DA:31,4
DA:32,2
DA:34,2
DA:36,1
DA:37,1
DA:42,7
DA:43,7
DA:44,7
DA:45,7
DA:46,6
DA:47,2
DA:49,4
DA:50,4
DA:51,4
DA:52,2
DA:54,2
DA:55,2
DA:56,2
DA:57,2
DA:59,1
DA:60,1
DA:65,5
DA:66,5
DA:67,5
DA:68,5
DA:69,0
DA:71,5
DA:72,5
DA:73,2
DA:75,3
DA:76,3
DA:77,3
DA:78,2
DA:79,2
DA:80,2
DA:82,2
DA:84,1
DA:85,1
DA:90,4
DA:91,4
DA:92,4
DA:93,4
DA:94,0
DA:95,0
DA:97,4
DA:98,2
DA:99,2
DA:100,0
DA:101,0
DA:103,2
DA:104,2
DA:105,2
DA:106,1
DA:107,1
DA:109,1
DA:110,0
DA:111,0
DA:113,1
DA:114,1
DA:116,1
DA:118,2
DA:119,2
DA:124,0
DA:128,0
LF:83
LH:74
BRDA:31,0,0,2
BRDA:31,0,1,2
BRDA:46,1,0,2
BRDA:46,1,1,4
BRDA:51,2,0,2
BRDA:51,2,1,2
BRDA:68,3,0,0
BRDA:68,3,1,5
BRDA:68,4,0,5
BRDA:68,4,1,5
BRDA:72,5,0,2
BRDA:72,5,1,3
BRDA:93,6,0,0
BRDA:93,6,1,4
BRDA:99,7,0,0
BRDA:99,7,1,2
BRDA:105,8,0,1
BRDA:105,8,1,1
BRDA:109,9,0,0
BRDA:109,9,1,1
BRF:20
BRH:16
end_of_record
TN:
SF:src\models\Accounts.model.js
FN:18,(anonymous_0)
FN:26,(anonymous_1)
FN:31,(anonymous_2)
FN:36,(anonymous_3)
FN:41,(anonymous_4)
FN:46,(anonymous_5)
FN:51,(anonymous_6)
FN:56,(anonymous_7)
FN:61,(anonymous_8)
FN:66,(anonymous_9)
FN:71,(anonymous_10)
FN:76,(anonymous_11)
FN:81,(anonymous_12)
FN:86,(anonymous_13)
FN:92,(anonymous_14)
FN:97,(anonymous_15)
FNF:16
FNH:16
FNDA:14,(anonymous_0)
FNDA:2,(anonymous_1)
FNDA:1,(anonymous_2)
FNDA:8,(anonymous_3)
FNDA:1,(anonymous_4)
FNDA:1,(anonymous_5)
FNDA:1,(anonymous_6)
FNDA:1,(anonymous_7)
FNDA:1,(anonymous_8)
FNDA:1,(anonymous_9)
FNDA:1,(anonymous_10)
FNDA:1,(anonymous_11)
FNDA:1,(anonymous_12)
FNDA:1,(anonymous_13)
FNDA:1,(anonymous_14)
FNDA:1,(anonymous_15)
DA:1,7
DA:18,7
DA:19,14
DA:20,8
DA:21,1
DA:24,7
DA:27,2
DA:28,2
DA:32,1
DA:33,1
DA:37,8
DA:38,7
DA:42,1
DA:43,1
DA:47,1
DA:48,1
DA:52,1
DA:53,1
DA:57,1
DA:58,1
DA:62,1
DA:63,1
DA:67,1
DA:68,1
DA:72,1
DA:73,1
DA:77,1
DA:78,1
DA:82,1
DA:83,1
DA:87,1
DA:88,1
DA:89,0
DA:93,1
DA:94,1
DA:98,1
DA:99,1
LF:37
LH:36
BRDA:19,0,0,6
BRDA:19,0,1,8
BRDA:20,1,0,7
BRDA:20,1,1,1
BRDA:41,2,0,1
BRDA:46,3,0,1
BRDA:56,4,0,1
BRDA:61,5,0,1
BRDA:66,6,0,1
BRDA:88,7,0,1
BRDA:88,7,1,0
BRDA:92,8,0,1
BRDA:97,9,0,1
BRF:13
BRH:12
end_of_record
TN:
SF:src\models\Auth.model.js
FN:3,(anonymous_0)
FN:10,(anonymous_1)
FN:15,(anonymous_2)
FN:20,(anonymous_3)
FN:25,(anonymous_4)
FNF:5
FNH:4
FNDA:2,(anonymous_0)
FNDA:1,(anonymous_1)
FNDA:1,(anonymous_2)
FNDA:1,(anonymous_3)
FNDA:0,(anonymous_4)
DA:1,6
DA:3,6
DA:4,2
DA:5,2
DA:6,2
DA:9,6
DA:11,1
DA:12,1
DA:16,1
DA:17,0
DA:21,1
DA:22,1
DA:26,0
DA:27,0
LF:14
LH:11
BRDA:4,0,0,0
BRDA:4,0,1,2
BRDA:5,1,0,0
BRDA:5,1,1,2
BRF:4
BRH:2
end_of_record
TN:
SF:src\models\Notifications.model.js
FN:3,(anonymous_0)
FN:10,(anonymous_1)
FN:15,(anonymous_2)
FN:20,(anonymous_3)
FN:25,(anonymous_4)
FN:29,(anonymous_5)
FN:33,(anonymous_6)
FN:37,(anonymous_7)
FNF:8
FNH:5
FNDA:5,(anonymous_0)
FNDA:2,(anonymous_1)
FNDA:1,(anonymous_2)
FNDA:1,(anonymous_3)
FNDA:1,(anonymous_4)
FNDA:0,(anonymous_5)
FNDA:0,(anonymous_6)
FNDA:0,(anonymous_7)
DA:1,6
DA:3,6
DA:4,5
DA:5,5
DA:6,3
DA:9,6
DA:11,2
DA:12,2
DA:16,1
DA:17,1
DA:21,1
DA:22,1
DA:26,1
DA:27,1
DA:30,0
DA:31,0
DA:34,0
DA:35,0
DA:38,0
DA:39,0
LF:20
LH:14
BRDA:4,0,0,0
BRDA:4,0,1,5
BRDA:5,1,0,2
BRDA:5,1,1,3
BRF:4
BRH:3
end_of_record
TN:
SF:src\models\Transactions.model.js
FN:3,(anonymous_0)
FN:11,(anonymous_1)
FN:16,(anonymous_2)
FN:21,(anonymous_3)
FN:26,(anonymous_4)
FN:31,(anonymous_5)
FN:36,(anonymous_6)
FNF:7
FNH:7
FNDA:7,(anonymous_0)
FNDA:1,(anonymous_1)
FNDA:2,(anonymous_2)
FNDA:1,(anonymous_3)
FNDA:1,(anonymous_4)
FNDA:1,(anonymous_5)
FNDA:1,(anonymous_6)
DA:1,5
DA:3,5
DA:4,7
DA:5,7
DA:6,4
DA:9,5
DA:12,1
DA:13,1
DA:17,2
DA:18,2
DA:22,1
DA:23,1
DA:27,1
DA:28,1
DA:32,1
DA:33,1
DA:37,1
DA:38,1
LF:18
LH:18
BRDA:4,0,0,0
BRDA:4,0,1,7
BRDA:5,1,0,3
BRDA:5,1,1,4
BRDA:21,2,0,1
BRDA:26,3,0,1
BRDA:31,4,0,1
BRDA:36,5,0,1
BRF:8
BRH:7
end_of_record
TN:
SF:src\models\Users.model.js
FN:3,(anonymous_0)
FN:11,(anonymous_1)
FN:16,(anonymous_2)
FN:21,(anonymous_3)
FN:26,(anonymous_4)
FN:31,(anonymous_5)
FN:36,(anonymous_6)
FN:41,(anonymous_7)
FNF:8
FNH:8
FNDA:4,(anonymous_0)
FNDA:2,(anonymous_1)
FNDA:1,(anonymous_2)
FNDA:1,(anonymous_3)
FNDA:2,(anonymous_4)
FNDA:1,(anonymous_5)
FNDA:1,(anonymous_6)
FNDA:1,(anonymous_7)
DA:1,4
DA:3,4
DA:4,4
DA:5,3
DA:6,0
DA:9,4
DA:12,2
DA:13,2
DA:17,1
DA:18,1
DA:22,1
DA:23,1
DA:27,2
DA:28,2
DA:32,1
DA:33,1
DA:37,1
DA:38,1
DA:42,1
DA:43,1
LF:20
LH:19
BRDA:4,0,0,1
BRDA:4,0,1,3
BRDA:5,1,0,3
BRDA:5,1,1,0
BRDA:11,2,0,2
BRDA:31,3,0,1
BRDA:36,4,0,1
BRDA:41,5,0,1
BRF:8
BRH:7
end_of_record
TN:
SF:src\prisma\client.js
FN:4,(anonymous_0)
FN:5,(anonymous_1)
FN:23,(anonymous_2)
FN:30,(anonymous_3)
FN:31,(anonymous_4)
FNF:5
FNH:3
FNDA:10,(anonymous_0)
FNDA:161,(anonymous_1)
FNDA:1,(anonymous_2)
FNDA:0,(anonymous_3)
FNDA:0,(anonymous_4)
DA:1,23
DA:3,23
DA:4,23
DA:5,161
DA:14,23
DA:24,1
DA:28,0
DA:30,0
DA:31,0
DA:32,0
DA:36,0
LF:11
LH:6
BRDA:3,0,0,23
BRDA:3,0,1,0
BRF:2
BRH:1
end_of_record
TN:
SF:src\services\AuthService.js
FN:6,(anonymous_0)
FN:9,(anonymous_1)
FN:20,(anonymous_2)
FN:23,(anonymous_3)
FN:33,(anonymous_4)
FN:40,(anonymous_5)
FNF:6
FNH:5
FNDA:4,(anonymous_0)
FNDA:1,(anonymous_1)
FNDA:2,(anonymous_2)
FNDA:0,(anonymous_3)
FNDA:3,(anonymous_4)
FNDA:2,(anonymous_5)
DA:1,8
DA:2,8
DA:3,8
DA:4,8
DA:6,8
DA:7,4
DA:8,4
DA:9,2
DA:10,1
DA:11,1
DA:13,2
DA:15,2
DA:16,2
DA:20,8
DA:21,2
DA:22,2
DA:23,1
DA:24,0
DA:25,0
DA:27,1
DA:29,1
DA:30,1
DA:33,8
DA:34,3
DA:36,3
DA:37,1
DA:40,2
DA:41,2
DA:42,1
DA:43,1
DA:45,1
DA:46,1
DA:50,8
LF:33
LH:31
BRDA:36,0,0,1
BRDA:36,0,1,2
BRDA:41,1,0,1
BRDA:41,1,1,1
BRF:4
BRH:4
end_of_record
TN:
SF:src\services\NodeMailer.js
FN:15,(anonymous_0)
FN:30,(anonymous_1)
FNF:2
FNH:2
FNDA:2,(anonymous_0)
FNDA:2,(anonymous_1)
DA:1,6
DA:2,6
DA:4,6
DA:15,6
DA:17,2
DA:19,2
DA:27,2
DA:30,6
DA:31,2
DA:32,2
DA:38,2
DA:39,2
DA:41,0
DA:45,6
LF:14
LH:13
BRF:0
BRH:0
end_of_record
TN:
SF:src\utilities\logger.js
FN:17,(anonymous_0)
FN:40,(anonymous_1)
FN:42,(anonymous_2)
FN:42,(anonymous_3)
FNF:4
FNH:1
FNDA:18,(anonymous_0)
FNDA:0,(anonymous_1)
FNDA:0,(anonymous_2)
FNDA:0,(anonymous_3)
DA:1,14
DA:2,14
DA:4,14
DA:6,14
DA:14,14
DA:18,18
DA:19,18
DA:20,18
DA:21,18
DA:22,18
DA:23,18
DA:27,14
DA:36,14
DA:37,14
DA:40,14
DA:41,0
DA:42,0
DA:43,0
DA:44,0
DA:47,0
DA:55,14
LF:21
LH:16
BRDA:4,0,0,14
BRDA:4,0,1,14
BRDA:18,1,0,18
BRDA:18,1,1,0
BRDA:19,2,0,0
BRDA:19,2,1,18
BRDA:19,3,0,18
BRDA:19,3,1,18
BRDA:19,4,0,0
BRDA:19,4,1,0
BRDA:20,5,0,18
BRDA:20,5,1,0
BRDA:21,6,0,18
BRDA:21,6,1,0
BRDA:22,7,0,18
BRDA:22,7,1,0
BRDA:36,8,0,14
BRDA:36,8,1,0
BRDA:42,9,0,0
BRDA:43,10,0,0
BRDA:43,10,1,0
BRF:21
BRH:10
end_of_record
